Mplus VERSION 7 (Mac)
MUTHEN & MUTHEN
03/17/2016   5:03 PM

INPUT INSTRUCTIONS

  TITLE:

  DATA:      FILE=wisc44.dat;

  VARIABLE:
      NAMES = age1-age4 verbal1-verbal4;

      MISSING = .;

      USEV = verbal1-verbal4;

     ! TSCORES = age1-age4;


  !ANALYSIS: TYPE = RANDOM;

  MODEL:
  !Growth model
      !s BY verbal1-verbal4;! AT age1-age4;
      verbal1 verbal2 verbal3 verbal4 (resid);
      i BY verbal1-verbal4@1;
      s BY verbal1@1;
      s BY verbal2@2;
      s BY verbal3@4;
      s BY verbal4@6;
      [verbal1-verbal4@0];
      [s];[i];

  OUTPUT:  SAMPSTAT TECH1;



INPUT READING TERMINATED NORMALLY




SUMMARY OF ANALYSIS

Number of groups                                                 1
Number of observations                                         204

Number of dependent variables                                    4
Number of independent variables                                  0
Number of continuous latent variables                            2

Observed dependent variables

  Continuous
   VERBAL1     VERBAL2     VERBAL3     VERBAL4

Continuous latent variables
   I           S


Estimator                                                       ML
Information matrix                                        OBSERVED
Maximum number of iterations                                  1000
Convergence criterion                                    0.500D-04
Maximum number of steepest descent iterations                   20
Maximum number of iterations for H1                           2000
Convergence criterion for H1                             0.100D-03

Input data file(s)
  wisc44.dat

Input data format  FREE


SUMMARY OF DATA

     Number of missing data patterns             1


COVARIANCE COVERAGE OF DATA

Minimum covariance coverage value   0.100


     PROPORTION OF DATA PRESENT


           Covariance Coverage
              VERBAL1       VERBAL2       VERBAL3       VERBAL4
              ________      ________      ________      ________
 VERBAL1        1.000
 VERBAL2        1.000         1.000
 VERBAL3        1.000         1.000         1.000
 VERBAL4        1.000         1.000         1.000         1.000


SAMPLE STATISTICS


     ESTIMATED SAMPLE STATISTICS


           Means
              VERBAL1       VERBAL2       VERBAL3       VERBAL4
              ________      ________      ________      ________
      1        19.585        25.415        32.607        43.750


           Covariances
              VERBAL1       VERBAL2       VERBAL3       VERBAL4
              ________      ________      ________      ________
 VERBAL1       33.565
 VERBAL2       25.340        37.106
 VERBAL3       30.738        33.655        53.315
 VERBAL4       40.319        47.173        61.948       113.184


           Correlations
              VERBAL1       VERBAL2       VERBAL3       VERBAL4
              ________      ________      ________      ________
 VERBAL1        1.000
 VERBAL2        0.718         1.000
 VERBAL3        0.727         0.757         1.000
 VERBAL4        0.654         0.728         0.797         1.000


     MAXIMUM LOG-LIKELIHOOD VALUE FOR THE UNRESTRICTED (H1) MODEL IS   -2479.816


THE MODEL ESTIMATION TERMINATED NORMALLY



MODEL FIT INFORMATION

Number of Free Parameters                        6

Loglikelihood

          H0 Value                       -2519.408
          H1 Value                       -2479.816

Information Criteria

          Akaike (AIC)                    5050.817
          Bayesian (BIC)                  5070.726
          Sample-Size Adjusted BIC        5051.716
            (n* = (n + 2) / 24)

Chi-Square Test of Model Fit

          Value                             79.185
          Degrees of Freedom                     8
          P-Value                           0.0000

RMSEA (Root Mean Square Error Of Approximation)

          Estimate                           0.209
          90 Percent C.I.                    0.168  0.252
          Probability RMSEA <= .05           0.000

CFI/TLI

          CFI                                0.877
          TLI                                0.908

Chi-Square Test of Model Fit for the Baseline Model

          Value                            585.906
          Degrees of Freedom                     6
          P-Value                           0.0000

SRMR (Standardized Root Mean Square Residual)

          Value                              0.145



MODEL RESULTS

                                                    Two-Tailed
                    Estimate       S.E.  Est./S.E.    P-Value

 I        BY
    VERBAL1            1.000      0.000    999.000    999.000
    VERBAL2            1.000      0.000    999.000    999.000
    VERBAL3            1.000      0.000    999.000    999.000
    VERBAL4            1.000      0.000    999.000    999.000

 S        BY
    VERBAL1            1.000      0.000    999.000    999.000
    VERBAL2            2.000      0.000    999.000    999.000
    VERBAL3            4.000      0.000    999.000    999.000
    VERBAL4            6.000      0.000    999.000    999.000

 S        WITH
    I                  1.565      0.609      2.567      0.010

 Means
    I                 15.151      0.368     41.199      0.000
    S                  4.673      0.108     43.100      0.000

 Intercepts
    VERBAL1            0.000      0.000    999.000    999.000
    VERBAL2            0.000      0.000    999.000    999.000
    VERBAL3            0.000      0.000    999.000    999.000
    VERBAL4            0.000      0.000    999.000    999.000

 Variances
    I                 15.196      2.866      5.302      0.000
    S                  1.529      0.245      6.236      0.000

 Residual Variances
    VERBAL1           12.828      0.898     14.283      0.000
    VERBAL2           12.828      0.898     14.283      0.000
    VERBAL3           12.828      0.898     14.283      0.000
    VERBAL4           12.828      0.898     14.283      0.000


QUALITY OF NUMERICAL RESULTS

     Condition Number for the Information Matrix              0.475E-02
       (ratio of smallest to largest eigenvalue)


TECHNICAL 1 OUTPUT


     PARAMETER SPECIFICATION


           NU
              VERBAL1       VERBAL2       VERBAL3       VERBAL4
              ________      ________      ________      ________
      1           0             0             0             0


           LAMBDA
              I             S
              ________      ________
 VERBAL1            0             0
 VERBAL2            0             0
 VERBAL3            0             0
 VERBAL4            0             0


           THETA
              VERBAL1       VERBAL2       VERBAL3       VERBAL4
              ________      ________      ________      ________
 VERBAL1            1
 VERBAL2            0             1
 VERBAL3            0             0             1
 VERBAL4            0             0             0             1


           ALPHA
              I             S
              ________      ________
      1           2             3


           BETA
              I             S
              ________      ________
 I                  0             0
 S                  0             0


           PSI
              I             S
              ________      ________
 I                  4
 S                  5             6


     STARTING VALUES


           NU
              VERBAL1       VERBAL2       VERBAL3       VERBAL4
              ________      ________      ________      ________
      1         0.000         0.000         0.000         0.000


           LAMBDA
              I             S
              ________      ________
 VERBAL1        1.000         1.000
 VERBAL2        1.000         2.000
 VERBAL3        1.000         4.000
 VERBAL4        1.000         6.000


           THETA
              VERBAL1       VERBAL2       VERBAL3       VERBAL4
              ________      ________      ________      ________
 VERBAL1       16.865
 VERBAL2        0.000        18.644
 VERBAL3        0.000         0.000        26.789
 VERBAL4        0.000         0.000         0.000        56.871


           ALPHA
              I             S
              ________      ________
      1         0.000         0.000


           BETA
              I             S
              ________      ________
 I              0.000         0.000
 S              0.000         0.000


           PSI
              I             S
              ________      ________
 I              0.050
 S              0.000         0.050


     Beginning Time:  17:03:16
        Ending Time:  17:03:16
       Elapsed Time:  00:00:00



MUTHEN & MUTHEN
3463 Stoner Ave.
Los Angeles, CA  90066

Tel: (310) 391-9971
Fax: (310) 391-8971
Web: www.StatModel.com
Support: Support@StatModel.com

Copyright (c) 1998-2012 Muthen & Muthen
