Mplus VERSION 7 (Mac)
MUTHEN & MUTHEN
03/17/2016   4:15 PM

INPUT INSTRUCTIONS

  TITLE:

  DATA:      FILE=wisc44.dat;

  VARIABLE:
      NAMES = age1-age4 verbal1-verbal4;

      MISSING = .;

      TSCORES = age1-age4;


  ANALYSIS: TYPE = RANDOM;

  MODEL:
  !Growth model
      i s | verbal1-verbal4 AT age1-age4;
      verbal1 verbal2 verbal3 verbal4 (resid);
      !i BY verbal1-verbal6@1;
      !s BY verbal1 AT age1;
      !s BY verbal2 AT age2;
      !s BY verbal4 AT age4;
      !s BY verbal6 AT age6;

  OUTPUT:  SAMPSTAT TECH1;



INPUT READING TERMINATED NORMALLY




SUMMARY OF ANALYSIS

Number of groups                                                 1
Number of observations                                         204

Number of dependent variables                                    4
Number of independent variables                                  0
Number of continuous latent variables                            2

Observed dependent variables

  Continuous
   VERBAL1     VERBAL2     VERBAL3     VERBAL4

Continuous latent variables
   I           S

Variables with special functions

  Time scores
   AGE1        AGE2        AGE3        AGE4


Estimator                                                      MLR
Information matrix                                        OBSERVED
Maximum number of iterations                                   100
Convergence criterion                                    0.100D-05
Maximum number of EM iterations                                500
Convergence criteria for the EM algorithm
  Loglikelihood change                                   0.100D-02
  Relative loglikelihood change                          0.100D-05
  Derivative                                             0.100D-03
Minimum variance                                         0.100D-03
Maximum number of steepest descent iterations                   20
Maximum number of iterations for H1                           2000
Convergence criterion for H1                             0.100D-03
Optimization algorithm                                         EMA

Input data file(s)
  wisc44.dat
Input data format  FREE


SUMMARY OF DATA

     Number of missing data patterns             1


COVARIANCE COVERAGE OF DATA

Minimum covariance coverage value   0.100


     PROPORTION OF DATA PRESENT


           Covariance Coverage
              VERBAL1       VERBAL2       VERBAL3       VERBAL4
              ________      ________      ________      ________
 VERBAL1        1.000
 VERBAL2        1.000         1.000
 VERBAL3        1.000         1.000         1.000
 VERBAL4        1.000         1.000         1.000         1.000


SAMPLE STATISTICS


     ESTIMATED SAMPLE STATISTICS


           Means
              VERBAL1       VERBAL2       VERBAL3       VERBAL4
              ________      ________      ________      ________
 1             19.585        25.415        32.607        43.750


           Covariances
              VERBAL1       VERBAL2       VERBAL3       VERBAL4
              ________      ________      ________      ________
 VERBAL1       33.565
 VERBAL2       25.340        37.106
 VERBAL3       30.738        33.655        53.315
 VERBAL4       40.319        47.173        61.948       113.184


           Correlations
              VERBAL1       VERBAL2       VERBAL3       VERBAL4
              ________      ________      ________      ________
 VERBAL1        1.000
 VERBAL2        0.718         1.000
 VERBAL3        0.727         0.757         1.000
 VERBAL4        0.654         0.728         0.797         1.000


     MAXIMUM LOG-LIKELIHOOD VALUE FOR THE UNRESTRICTED (H1) MODEL IS -2479.816


THE MODEL ESTIMATION TERMINATED NORMALLY



MODEL FIT INFORMATION

Number of Free Parameters                        6

Loglikelihood

          H0 Value                       -2793.107
          H0 Scaling Correction Factor      1.1137
            for MLR

Information Criteria

          Akaike (AIC)                    5598.214
          Bayesian (BIC)                  5618.123
          Sample-Size Adjusted BIC        5599.113
            (n* = (n + 2) / 24)



MODEL RESULTS

                                                    Two-Tailed
                    Estimate       S.E.  Est./S.E.    P-Value

 S        WITH
    I                 -0.284      2.267     -0.125      0.900

 Means
    I                 -0.840      0.812     -1.035      0.301
    S                  3.791      0.110     34.491      0.000

 Intercepts
    VERBAL1            0.000      0.000    999.000    999.000
    VERBAL2            0.000      0.000    999.000    999.000
    VERBAL3            0.000      0.000    999.000    999.000
    VERBAL4            0.000      0.000    999.000    999.000

 Variances
    I                  2.193     17.555      0.125      0.901
    S                  0.627      0.327      1.919      0.055

 Residual Variances
    VERBAL1           35.279      2.845     12.398      0.000
    VERBAL2           35.279      2.845     12.398      0.000
    VERBAL3           35.279      2.845     12.398      0.000
    VERBAL4           35.279      2.845     12.398      0.000


QUALITY OF NUMERICAL RESULTS

     Condition Number for the Information Matrix              0.447E-05
       (ratio of smallest to largest eigenvalue)


TECHNICAL 1 OUTPUT


     PARAMETER SPECIFICATION


           NU
              VERBAL1       VERBAL2       VERBAL3       VERBAL4
              ________      ________      ________      ________
 1                  0             0             0             0


           LAMBDA
              I             S
              ________      ________
 VERBAL1            0             0
 VERBAL2            0             0
 VERBAL3            0             0
 VERBAL4            0             0


           THETA
              VERBAL1       VERBAL2       VERBAL3       VERBAL4
              ________      ________      ________      ________
 VERBAL1            1
 VERBAL2            0             1
 VERBAL3            0             0             1
 VERBAL4            0             0             0             1


           ALPHA
              I             S
              ________      ________
 1                  2             3


           BETA
              I             S
              ________      ________
 I                  0             0
 S                  0             0


           PSI
              I             S
              ________      ________
 I                  4
 S                  5             6


     STARTING VALUES


           NU
              VERBAL1       VERBAL2       VERBAL3       VERBAL4
              ________      ________      ________      ________
 1              0.000         0.000         0.000         0.000


           LAMBDA
              I             S
              ________      ________
 VERBAL1        0.000         0.000
 VERBAL2        0.000         0.000
 VERBAL3        0.000         0.000
 VERBAL4        0.000         0.000


           THETA
              VERBAL1       VERBAL2       VERBAL3       VERBAL4
              ________      ________      ________      ________
 VERBAL1       16.865
 VERBAL2        0.000        18.644
 VERBAL3        0.000         0.000        26.789
 VERBAL4        0.000         0.000         0.000        56.871


           ALPHA
              I             S
              ________      ________
 1             -0.976         3.834


           BETA
              I             S
              ________      ________
 I              0.000         0.000
 S              0.000         0.000


           PSI
              I             S
              ________      ________
 I            110.845
 S              0.000         2.325


     Beginning Time:  16:15:43
        Ending Time:  16:15:44
       Elapsed Time:  00:00:01



MUTHEN & MUTHEN
3463 Stoner Ave.
Los Angeles, CA  90066

Tel: (310) 391-9971
Fax: (310) 391-8971
Web: www.StatModel.com
Support: Support@StatModel.com

Copyright (c) 1998-2012 Muthen & Muthen
